\BOOKMARK [1][-]{section.1}{\376\377\000S\000c\000h\000e\000m\000a\000\040\000d\000e\000l\000\040\000D\000a\000t\000a\000b\000a\000s\000e}{}% 1
\BOOKMARK [2][-]{subsection.1.1}{\376\377\000P\000a\000n\000o\000r\000a\000m\000i\000c\000a\000\040\000d\000e\000l\000\040\000S\000i\000s\000t\000e\000m\000a}{section.1}% 2
\BOOKMARK [2][-]{subsection.1.2}{\376\377\000T\000i\000p\000i\000\040\000E\000N\000U\000M\000\040\000P\000e\000r\000s\000o\000n\000a\000l\000i\000z\000z\000a\000t\000i}{section.1}% 3
\BOOKMARK [2][-]{subsection.1.3}{\376\377\000E\000n\000t\000i\000t\000\340\000\040\000P\000r\000i\000n\000c\000i\000p\000a\000l\000i}{section.1}% 4
\BOOKMARK [3][-]{subsubsection.1.3.1}{\376\377\000T\000a\000b\000e\000l\000l\000a\000\040\000U\000s\000e\000r\000s}{subsection.1.3}% 5
\BOOKMARK [3][-]{subsubsection.1.3.2}{\376\377\000T\000a\000b\000e\000l\000l\000a\000\040\000L\000o\000c\000a\000t\000i\000o\000n\000s}{subsection.1.3}% 6
\BOOKMARK [3][-]{subsubsection.1.3.3}{\376\377\000T\000a\000b\000e\000l\000l\000a\000\040\000S\000p\000a\000c\000e\000\040\000T\000y\000p\000e\000s}{subsection.1.3}% 7
\BOOKMARK [3][-]{subsubsection.1.3.4}{\376\377\000T\000a\000b\000e\000l\000l\000a\000\040\000S\000p\000a\000c\000e\000s}{subsection.1.3}% 8
\BOOKMARK [3][-]{subsubsection.1.3.5}{\376\377\000T\000a\000b\000e\000l\000l\000a\000\040\000A\000v\000a\000i\000l\000a\000b\000i\000l\000i\000t\000y}{subsection.1.3}% 9
\BOOKMARK [3][-]{subsubsection.1.3.6}{\376\377\000T\000a\000b\000e\000l\000l\000a\000\040\000B\000o\000o\000k\000i\000n\000g\000s}{subsection.1.3}% 10
\BOOKMARK [3][-]{subsubsection.1.3.7}{\376\377\000T\000a\000b\000e\000l\000l\000a\000\040\000P\000a\000y\000m\000e\000n\000t\000s}{subsection.1.3}% 11
\BOOKMARK [3][-]{subsubsection.1.3.8}{\376\377\000T\000a\000b\000e\000l\000l\000a\000\040\000N\000o\000t\000i\000f\000i\000c\000a\000t\000i\000o\000n\000s}{subsection.1.3}% 12
\BOOKMARK [2][-]{subsection.1.4}{\376\377\000D\000i\000a\000g\000r\000a\000m\000m\000a\000\040\000E\000R}{section.1}% 13
\BOOKMARK [2][-]{subsection.1.5}{\376\377\000R\000e\000l\000a\000z\000i\000o\000n\000i\000\040\000P\000r\000i\000n\000c\000i\000p\000a\000l\000i}{section.1}% 14
\BOOKMARK [2][-]{subsection.1.6}{\376\377\000I\000m\000p\000l\000e\000m\000e\000n\000t\000a\000z\000i\000o\000n\000e\000\040\000n\000e\000l\000\040\000P\000r\000o\000g\000e\000t\000t\000o}{section.1}% 15
\BOOKMARK [3][-]{subsubsection.1.6.1}{\376\377\000M\000o\000d\000e\000l\000l\000i\000\040\000J\000a\000v\000a\000S\000c\000r\000i\000p\000t\000\040\000I\000m\000p\000l\000e\000m\000e\000n\000t\000a\000t\000i}{subsection.1.6}% 16
\BOOKMARK [3][-]{subsubsection.1.6.2}{\376\377\000S\000e\000r\000v\000i\000z\000i\000\040\000d\000i\000\040\000B\000u\000s\000i\000n\000e\000s\000s\000\040\000L\000o\000g\000i\000c}{subsection.1.6}% 17
\BOOKMARK [3][-]{subsubsection.1.6.3}{\376\377\000V\000a\000l\000i\000d\000a\000z\000i\000o\000n\000i\000\040\000e\000\040\000C\000o\000n\000s\000t\000r\000a\000i\000n\000t\000s\000\040\000I\000m\000p\000l\000e\000m\000e\000n\000t\000a\000t\000i}{subsection.1.6}% 18
\BOOKMARK [3][-]{subsubsection.1.6.4}{\376\377\000S\000i\000s\000t\000e\000m\000a\000\040\000d\000i\000\040\000A\000u\000t\000o\000r\000i\000z\000z\000a\000z\000i\000o\000n\000i}{subsection.1.6}% 19
\BOOKMARK [3][-]{subsubsection.1.6.5}{\376\377\000C\000o\000n\000f\000i\000g\000u\000r\000a\000z\000i\000o\000n\000e\000\040\000D\000a\000t\000a\000b\000a\000s\000e}{subsection.1.6}% 20
\BOOKMARK [1][-]{section.2}{\376\377\000O\000p\000e\000r\000a\000z\000i\000o\000n\000i\000\040\000C\000R\000U\000D}{}% 21
\BOOKMARK [2][-]{subsection.2.1}{\376\377\000G\000e\000s\000t\000i\000o\000n\000e\000\040\000U\000t\000e\000n\000t\000i}{section.2}% 22
\BOOKMARK [3][-]{subsubsection.2.1.1}{\376\377\000C\000r\000e\000a\000z\000i\000o\000n\000e\000\040\000U\000t\000e\000n\000t\000e\000\040\000\050\000C\000R\000E\000A\000T\000E\000\051}{subsection.2.1}% 23
\BOOKMARK [3][-]{subsubsection.2.1.2}{\376\377\000L\000e\000t\000t\000u\000r\000a\000\040\000U\000t\000e\000n\000t\000i\000\040\000\050\000R\000E\000A\000D\000\051}{subsection.2.1}% 24
\BOOKMARK [3][-]{subsubsection.2.1.3}{\376\377\000A\000g\000g\000i\000o\000r\000n\000a\000m\000e\000n\000t\000o\000\040\000U\000t\000e\000n\000t\000e\000\040\000\050\000U\000P\000D\000A\000T\000E\000\051}{subsection.2.1}% 25
\BOOKMARK [2][-]{subsection.2.2}{\376\377\000G\000e\000s\000t\000i\000o\000n\000e\000\040\000S\000p\000a\000z\000i}{section.2}% 26
\BOOKMARK [3][-]{subsubsection.2.2.1}{\376\377\000C\000r\000e\000a\000z\000i\000o\000n\000e\000\040\000S\000p\000a\000z\000i\000o\000\040\000\050\000C\000R\000E\000A\000T\000E\000\051}{subsection.2.2}% 27
\BOOKMARK [3][-]{subsubsection.2.2.2}{\376\377\000R\000i\000c\000e\000r\000c\000a\000\040\000S\000p\000a\000z\000i\000\040\000\050\000R\000E\000A\000D\000\051}{subsection.2.2}% 28
\BOOKMARK [3][-]{subsubsection.2.2.3}{\376\377\000A\000g\000g\000i\000o\000r\000n\000a\000m\000e\000n\000t\000o\000\040\000S\000p\000a\000z\000i\000o\000\040\000\050\000U\000P\000D\000A\000T\000E\000\051}{subsection.2.2}% 29
\BOOKMARK [2][-]{subsection.2.3}{\376\377\000G\000e\000s\000t\000i\000o\000n\000e\000\040\000P\000r\000e\000n\000o\000t\000a\000z\000i\000o\000n\000i}{section.2}% 30
\BOOKMARK [3][-]{subsubsection.2.3.1}{\376\377\000C\000r\000e\000a\000z\000i\000o\000n\000e\000\040\000P\000r\000e\000n\000o\000t\000a\000z\000i\000o\000n\000e\000\040\000\050\000C\000R\000E\000A\000T\000E\000\051}{subsection.2.3}% 31
\BOOKMARK [3][-]{subsubsection.2.3.2}{\376\377\000R\000i\000c\000e\000r\000c\000a\000\040\000P\000r\000e\000n\000o\000t\000a\000z\000i\000o\000n\000i\000\040\000\050\000R\000E\000A\000D\000\051}{subsection.2.3}% 32
\BOOKMARK [3][-]{subsubsection.2.3.3}{\376\377\000C\000o\000n\000t\000r\000o\000l\000l\000o\000\040\000D\000i\000s\000p\000o\000n\000i\000b\000i\000l\000i\000t\000\340}{subsection.2.3}% 33
\BOOKMARK [3][-]{subsubsection.2.3.4}{\376\377\000A\000g\000g\000i\000o\000r\000n\000a\000m\000e\000n\000t\000o\000\040\000P\000r\000e\000n\000o\000t\000a\000z\000i\000o\000n\000e\000\040\000\050\000U\000P\000D\000A\000T\000E\000\051}{subsection.2.3}% 34
\BOOKMARK [2][-]{subsection.2.4}{\376\377\000S\000i\000s\000t\000e\000m\000a\000\040\000d\000i\000\040\000N\000o\000t\000i\000f\000i\000c\000h\000e}{section.2}% 35
\BOOKMARK [3][-]{subsubsection.2.4.1}{\376\377\000C\000r\000e\000a\000z\000i\000o\000n\000e\000\040\000N\000o\000t\000i\000f\000i\000c\000a\000\040\000\050\000C\000R\000E\000A\000T\000E\000\051}{subsection.2.4}% 36
\BOOKMARK [3][-]{subsubsection.2.4.2}{\376\377\000A\000g\000g\000i\000o\000r\000n\000a\000m\000e\000n\000t\000o\000\040\000S\000t\000a\000t\000o\000\040\000N\000o\000t\000i\000f\000i\000c\000a\000\040\000\050\000U\000P\000D\000A\000T\000E\000\051}{subsection.2.4}% 37
\BOOKMARK [2][-]{subsection.2.5}{\376\377\000G\000e\000s\000t\000i\000o\000n\000e\000\040\000L\000o\000c\000a\000t\000i\000o\000n\000s\000\040\000e\000\040\000S\000p\000a\000c\000e\000\040\000T\000y\000p\000e\000s}{section.2}% 38
\BOOKMARK [3][-]{subsubsection.2.5.1}{\376\377\000L\000o\000c\000a\000t\000i\000o\000n\000\040\000C\000R\000U\000D}{subsection.2.5}% 39
\BOOKMARK [3][-]{subsubsection.2.5.2}{\376\377\000S\000p\000a\000c\000e\000\040\000T\000y\000p\000e\000s\000\040\000C\000R\000U\000D}{subsection.2.5}% 40
\BOOKMARK [1][-]{section.3}{\376\377\000E\000s\000e\000m\000p\000i\000\040\000S\000p\000e\000c\000i\000f\000i\000c\000i\000\040\000d\000a\000l\000\040\000P\000r\000o\000g\000e\000t\000t\000o}{}% 41
\BOOKMARK [2][-]{subsection.3.1}{\376\377\000C\000a\000s\000o\000\040\000d\000'\000U\000s\000o\000:\000\040\000S\000i\000s\000t\000e\000m\000a\000\040\000d\000i\000\040\000A\000u\000t\000e\000n\000t\000i\000c\000a\000z\000i\000o\000n\000e}{section.3}% 42
\BOOKMARK [2][-]{subsection.3.2}{\376\377\000C\000a\000s\000o\000\040\000d\000'\000U\000s\000o\000:\000\040\000C\000r\000e\000a\000z\000i\000o\000n\000e\000\040\000S\000p\000a\000z\000i\000o\000\040\000c\000o\000n\000\040\000V\000a\000l\000i\000d\000a\000z\000i\000o\000n\000i\000\040\000B\000u\000s\000i\000n\000e\000s\000s}{section.3}% 43
\BOOKMARK [2][-]{subsection.3.3}{\376\377\000C\000a\000s\000o\000\040\000d\000'\000U\000s\000o\000:\000\040\000P\000r\000o\000c\000e\000s\000s\000o\000\040\000d\000i\000\040\000P\000r\000e\000n\000o\000t\000a\000z\000i\000o\000n\000e}{section.3}% 44
\BOOKMARK [2][-]{subsection.3.4}{\376\377\000C\000a\000s\000o\000\040\000d\000'\000U\000s\000o\000:\000\040\000S\000i\000s\000t\000e\000m\000a\000\040\000d\000i\000\040\000A\000u\000t\000o\000r\000i\000z\000z\000a\000z\000i\000o\000n\000i}{section.3}% 45
\BOOKMARK [2][-]{subsection.3.5}{\376\377\000C\000a\000s\000o\000\040\000d\000'\000U\000s\000o\000:\000\040\000G\000e\000s\000t\000i\000o\000n\000e\000\040\000M\000a\000n\000a\000g\000e\000r\000\040\000p\000e\000r\000\040\000L\000o\000c\000a\000t\000i\000o\000n}{section.3}% 46
\BOOKMARK [2][-]{subsection.3.6}{\376\377\000C\000a\000s\000o\000\040\000d\000'\000U\000s\000o\000:\000\040\000D\000a\000s\000h\000b\000o\000a\000r\000d\000\040\000A\000n\000a\000l\000y\000t\000i\000c\000s\000\040\000S\000e\000m\000p\000l\000i\000c\000i}{section.3}% 47
\BOOKMARK [2][-]{subsection.3.7}{\376\377\000C\000a\000s\000o\000\040\000d\000'\000U\000s\000o\000:\000\040\000S\000i\000s\000t\000e\000m\000a\000\040\000d\000i\000\040\000N\000o\000t\000i\000f\000i\000c\000h\000e\000\040\000B\000a\000s\000e}{section.3}% 48
\BOOKMARK [2][-]{subsection.3.8}{\376\377\000C\000a\000s\000o\000\040\000d\000'\000U\000s\000o\000:\000\040\000G\000e\000s\000t\000i\000o\000n\000e\000\040\000E\000r\000r\000o\000r\000i\000\040\000e\000\040\000V\000a\000l\000i\000d\000a\000z\000i\000o\000n\000i}{section.3}% 49
\BOOKMARK [2][-]{subsection.3.9}{\376\377\000C\000a\000s\000o\000\040\000d\000'\000U\000s\000o\000:\000\040\000A\000g\000g\000i\000o\000r\000n\000a\000m\000e\000n\000t\000o\000\040\000D\000i\000n\000a\000m\000i\000c\000o\000\040\000d\000e\000i\000\040\000C\000a\000m\000p\000i}{section.3}% 50
