\BOOKMARK [1][-]{section.1}{\376\377\000P\000a\000n\000o\000r\000a\000m\000i\000c\000a\000\040\000d\000e\000l\000\040\000S\000i\000s\000t\000e\000m\000a\000\040\000A\000P\000I}{}% 1
\BOOKMARK [2][-]{subsection.1.1}{\376\377\000A\000r\000c\000h\000i\000t\000e\000t\000t\000u\000r\000a\000\040\000R\000E\000S\000T}{section.1}% 2
\BOOKMARK [2][-]{subsection.1.2}{\376\377\000U\000R\000L\000\040\000B\000a\000s\000e\000\040\000e\000\040\000V\000e\000r\000s\000i\000o\000n\000i\000n\000g}{section.1}% 3
\BOOKMARK [2][-]{subsection.1.3}{\376\377\000F\000o\000r\000m\000a\000t\000o\000\040\000d\000e\000l\000l\000e\000\040\000R\000i\000s\000p\000o\000s\000t\000e}{section.1}% 4
\BOOKMARK [3][-]{subsubsection.1.3.1}{\376\377\000R\000i\000s\000p\000o\000s\000t\000a\000\040\000d\000i\000\040\000S\000u\000c\000c\000e\000s\000s\000o}{subsection.1.3}% 5
\BOOKMARK [3][-]{subsubsection.1.3.2}{\376\377\000R\000i\000s\000p\000o\000s\000t\000a\000\040\000d\000i\000\040\000E\000r\000r\000o\000r\000e}{subsection.1.3}% 6
\BOOKMARK [2][-]{subsection.1.4}{\376\377\000C\000o\000d\000i\000c\000i\000\040\000d\000i\000\040\000S\000t\000a\000t\000o\000\040\000H\000T\000T\000P}{section.1}% 7
\BOOKMARK [2][-]{subsection.1.5}{\376\377\000R\000a\000t\000e\000\040\000L\000i\000m\000i\000t\000i\000n\000g}{section.1}% 8
\BOOKMARK [2][-]{subsection.1.6}{\376\377\000C\000O\000R\000S\000\040\000e\000\040\000S\000i\000c\000u\000r\000e\000z\000z\000a}{section.1}% 9
\BOOKMARK [3][-]{subsubsection.1.6.1}{\376\377\000S\000v\000i\000l\000u\000p\000p\000o}{subsection.1.6}% 10
\BOOKMARK [3][-]{subsubsection.1.6.2}{\376\377\000P\000r\000o\000d\000u\000z\000i\000o\000n\000e}{subsection.1.6}% 11
\BOOKMARK [2][-]{subsection.1.7}{\376\377\000M\000i\000d\000d\000l\000e\000w\000a\000r\000e\000\040\000d\000i\000\040\000S\000i\000c\000u\000r\000e\000z\000z\000a}{section.1}% 12
\BOOKMARK [2][-]{subsection.1.8}{\376\377\000G\000e\000s\000t\000i\000o\000n\000e\000\040\000d\000e\000g\000l\000i\000\040\000E\000r\000r\000o\000r\000i}{section.1}% 13
\BOOKMARK [2][-]{subsection.1.9}{\376\377\000G\000e\000s\000t\000i\000o\000n\000e\000\040\000T\000r\000a\000n\000s\000a\000z\000i\000o\000n\000i\000\040\000e\000\040\000R\000o\000l\000l\000b\000a\000c\000k}{section.1}% 14
\BOOKMARK [3][-]{subsubsection.1.9.1}{\376\377\000O\000p\000e\000r\000a\000z\000i\000o\000n\000i\000\040\000T\000r\000a\000n\000s\000a\000z\000i\000o\000n\000a\000l\000i}{subsection.1.9}% 15
\BOOKMARK [3][-]{subsubsection.1.9.2}{\376\377\000P\000a\000t\000t\000e\000r\000n\000\040\000d\000i\000\040\000I\000m\000p\000l\000e\000m\000e\000n\000t\000a\000z\000i\000o\000n\000e}{subsection.1.9}% 16
\BOOKMARK [3][-]{subsubsection.1.9.3}{\376\377\000S\000t\000r\000a\000t\000e\000g\000i\000e\000\040\000d\000i\000\040\000R\000o\000l\000l\000b\000a\000c\000k}{subsection.1.9}% 17
\BOOKMARK [3][-]{subsubsection.1.9.4}{\376\377\000E\000s\000e\000m\000p\000i\000o\000\040\000P\000r\000a\000t\000i\000c\000o\000:\000\040\000P\000a\000g\000a\000m\000e\000n\000t\000o\000\040\000c\000o\000n\000\040\000A\000g\000g\000i\000o\000r\000n\000a\000m\000e\000n\000t\000o\000\040\000P\000r\000e\000n\000o\000t\000a\000z\000i\000o\000n\000e}{subsection.1.9}% 18
\BOOKMARK [2][-]{subsection.1.10}{\376\377\000P\000a\000g\000i\000n\000a\000z\000i\000o\000n\000e}{section.1}% 19
\BOOKMARK [2][-]{subsection.1.11}{\376\377\000C\000o\000n\000t\000e\000n\000t\000-\000T\000y\000p\000e\000\040\000e\000\040\000A\000c\000c\000e\000p\000t\000\040\000H\000e\000a\000d\000e\000r\000s}{section.1}% 20
\BOOKMARK [2][-]{subsection.1.12}{\376\377\000D\000o\000c\000u\000m\000e\000n\000t\000a\000z\000i\000o\000n\000e\000\040\000I\000n\000t\000e\000r\000a\000t\000t\000i\000v\000a}{section.1}% 21
\BOOKMARK [2][-]{subsection.1.13}{\376\377\000H\000e\000a\000l\000t\000h\000\040\000C\000h\000e\000c\000k\000\040\000e\000\040\000M\000o\000n\000i\000t\000o\000r\000i\000n\000g}{section.1}% 22
\BOOKMARK [1][-]{section.2}{\376\377\000A\000u\000t\000e\000n\000t\000i\000c\000a\000z\000i\000o\000n\000e\000\040\000e\000\040\000A\000u\000t\000o\000r\000i\000z\000z\000a\000z\000i\000o\000n\000e}{}% 23
\BOOKMARK [2][-]{subsection.2.1}{\376\377\000S\000i\000s\000t\000e\000m\000a\000\040\000d\000i\000\040\000A\000u\000t\000e\000n\000t\000i\000c\000a\000z\000i\000o\000n\000e\000\040\000J\000W\000T}{section.2}% 24
\BOOKMARK [3][-]{subsubsection.2.1.1}{\376\377\000P\000r\000o\000c\000e\000s\000s\000o\000\040\000d\000i\000\040\000L\000o\000g\000i\000n}{subsection.2.1}% 25
\BOOKMARK [3][-]{subsubsection.2.1.2}{\376\377\000S\000t\000r\000u\000t\000t\000u\000r\000a\000\040\000d\000e\000l\000\040\000J\000W\000T\000\040\000T\000o\000k\000e\000n}{subsection.2.1}% 26
\BOOKMARK [2][-]{subsection.2.2}{\376\377\000U\000t\000i\000l\000i\000z\000z\000o\000\040\000d\000e\000l\000\040\000T\000o\000k\000e\000n}{section.2}% 27
\BOOKMARK [2][-]{subsection.2.3}{\376\377\000S\000i\000s\000t\000e\000m\000a\000\040\000d\000i\000\040\000A\000u\000t\000o\000r\000i\000z\000z\000a\000z\000i\000o\000n\000e\000\040\000B\000a\000s\000a\000t\000o\000\040\000s\000u\000i\000\040\000R\000u\000o\000l\000i}{section.2}% 28
\BOOKMARK [3][-]{subsubsection.2.3.1}{\376\377\000R\000u\000o\000l\000i\000\040\000D\000i\000s\000p\000o\000n\000i\000b\000i\000l\000i}{subsection.2.3}% 29
\BOOKMARK [3][-]{subsubsection.2.3.2}{\376\377\000M\000a\000t\000r\000i\000c\000e\000\040\000d\000e\000i\000\040\000P\000e\000r\000m\000e\000s\000s\000i}{subsection.2.3}% 30
\BOOKMARK [2][-]{subsection.2.4}{\376\377\000M\000i\000d\000d\000l\000e\000w\000a\000r\000e\000\040\000d\000i\000\040\000A\000u\000t\000e\000n\000t\000i\000c\000a\000z\000i\000o\000n\000e}{section.2}% 31
\BOOKMARK [3][-]{subsubsection.2.4.1}{\376\377\000a\000u\000t\000h\000M\000i\000d\000d\000l\000e\000w\000a\000r\000e\000.\000p\000r\000o\000t\000e\000c\000t}{subsection.2.4}% 32
\BOOKMARK [3][-]{subsubsection.2.4.2}{\376\377\000a\000u\000t\000h\000M\000i\000d\000d\000l\000e\000w\000a\000r\000e\000.\000a\000u\000t\000h\000o\000r\000i\000z\000e}{subsection.2.4}% 33
\BOOKMARK [2][-]{subsection.2.5}{\376\377\000G\000e\000s\000t\000i\000o\000n\000e\000\040\000d\000e\000l\000l\000e\000\040\000P\000a\000s\000s\000w\000o\000r\000d}{section.2}% 34
\BOOKMARK [3][-]{subsubsection.2.5.1}{\376\377\000H\000a\000s\000h\000i\000n\000g\000\040\000d\000e\000l\000l\000e\000\040\000P\000a\000s\000s\000w\000o\000r\000d}{subsection.2.5}% 35
\BOOKMARK [3][-]{subsubsection.2.5.2}{\376\377\000R\000e\000s\000e\000t\000\040\000P\000a\000s\000s\000w\000o\000r\000d}{subsection.2.5}% 36
\BOOKMARK [2][-]{subsection.2.6}{\376\377\000R\000a\000t\000e\000\040\000L\000i\000m\000i\000t\000i\000n\000g\000\040\000p\000e\000r\000\040\000S\000i\000c\000u\000r\000e\000z\000z\000a}{section.2}% 37
\BOOKMARK [2][-]{subsection.2.7}{\376\377\000G\000e\000s\000t\000i\000o\000n\000e\000\040\000T\000o\000k\000e\000n\000\040\000F\000C\000M}{section.2}% 38
\BOOKMARK [2][-]{subsection.2.8}{\376\377\000L\000o\000g\000o\000u\000t\000\040\000e\000\040\000I\000n\000v\000a\000l\000i\000d\000a\000z\000i\000o\000n\000e\000\040\000T\000o\000k\000e\000n}{section.2}% 39
\BOOKMARK [2][-]{subsection.2.9}{\376\377\000S\000i\000c\000u\000r\000e\000z\000z\000a\000\040\000d\000e\000l\000l\000e\000\040\000S\000e\000s\000s\000i\000o\000n\000i}{section.2}% 40
\BOOKMARK [2][-]{subsection.2.10}{\376\377\000V\000a\000l\000i\000d\000a\000z\000i\000o\000n\000e\000\040\000I\000n\000p\000u\000t}{section.2}% 41
\BOOKMARK [2][-]{subsection.2.11}{\376\377\000G\000e\000s\000t\000i\000o\000n\000e\000\040\000E\000r\000r\000o\000r\000i\000\040\000d\000i\000\040\000A\000u\000t\000e\000n\000t\000i\000c\000a\000z\000i\000o\000n\000e}{section.2}% 42
\BOOKMARK [1][-]{section.3}{\376\377\000E\000n\000d\000p\000o\000i\000n\000t\000s\000\040\000A\000P\000I}{}% 43
\BOOKMARK [2][-]{subsection.3.1}{\376\377\000P\000a\000n\000o\000r\000a\000m\000i\000c\000a\000\040\000d\000e\000g\000l\000i\000\040\000E\000n\000d\000p\000o\000i\000n\000t\000s}{section.3}% 44
\BOOKMARK [2][-]{subsection.3.2}{\376\377\000E\000n\000d\000p\000o\000i\000n\000t\000\040\000U\000s\000e\000r\000s}{section.3}% 45
\BOOKMARK [3][-]{subsubsection.3.2.1}{\376\377\000P\000O\000S\000T\000\040\000/\000a\000p\000i\000/\000u\000s\000e\000r\000s\000/\000r\000e\000g\000i\000s\000t\000e\000r}{subsection.3.2}% 46
\BOOKMARK [3][-]{subsubsection.3.2.2}{\376\377\000P\000O\000S\000T\000\040\000/\000a\000p\000i\000/\000u\000s\000e\000r\000s\000/\000l\000o\000g\000i\000n}{subsection.3.2}% 47
\BOOKMARK [3][-]{subsubsection.3.2.3}{\376\377\000G\000E\000T\000\040\000/\000a\000p\000i\000/\000u\000s\000e\000r\000s\000/\000p\000r\000o\000f\000i\000l\000e}{subsection.3.2}% 48
\BOOKMARK [3][-]{subsubsection.3.2.4}{\376\377\000G\000E\000T\000\040\000/\000a\000p\000i\000/\000u\000s\000e\000r\000s\000/\000d\000a\000s\000h\000b\000o\000a\000r\000d}{subsection.3.2}% 49
\BOOKMARK [3][-]{subsubsection.3.2.5}{\376\377\000P\000U\000T\000\040\000/\000a\000p\000i\000/\000u\000s\000e\000r\000s\000/\000p\000r\000o\000f\000i\000l\000e}{subsection.3.2}% 50
\BOOKMARK [3][-]{subsubsection.3.2.6}{\376\377\000P\000U\000T\000\040\000/\000a\000p\000i\000/\000u\000s\000e\000r\000s\000/\000c\000h\000a\000n\000g\000e\000-\000p\000a\000s\000s\000w\000o\000r\000d}{subsection.3.2}% 51
\BOOKMARK [3][-]{subsubsection.3.2.7}{\376\377\000P\000O\000S\000T\000\040\000/\000a\000p\000i\000/\000u\000s\000e\000r\000s\000/\000r\000e\000q\000u\000e\000s\000t\000-\000p\000a\000s\000s\000w\000o\000r\000d\000-\000r\000e\000s\000e\000t}{subsection.3.2}% 52
\BOOKMARK [3][-]{subsubsection.3.2.8}{\376\377\000P\000O\000S\000T\000\040\000/\000a\000p\000i\000/\000u\000s\000e\000r\000s\000/\000l\000o\000g\000o\000u\000t}{subsection.3.2}% 53
\BOOKMARK [3][-]{subsubsection.3.2.9}{\376\377\000P\000O\000S\000T\000\040\000/\000a\000p\000i\000/\000u\000s\000e\000r\000s\000/\000f\000c\000m\000-\000t\000o\000k\000e\000n}{subsection.3.2}% 54
\BOOKMARK [3][-]{subsubsection.3.2.10}{\376\377\000G\000E\000T\000\040\000/\000a\000p\000i\000/\000u\000s\000e\000r\000s\000/\000c\000h\000e\000c\000k\000-\000e\000m\000a\000i\000l}{subsection.3.2}% 55
\BOOKMARK [2][-]{subsection.3.3}{\376\377\000E\000n\000d\000p\000o\000i\000n\000t\000\040\000L\000o\000c\000a\000t\000i\000o\000n\000s}{section.3}% 56
\BOOKMARK [3][-]{subsubsection.3.3.1}{\376\377\000G\000E\000T\000\040\000/\000a\000p\000i\000/\000l\000o\000c\000a\000t\000i\000o\000n\000s}{subsection.3.3}% 57
\BOOKMARK [3][-]{subsubsection.3.3.2}{\376\377\000G\000E\000T\000\040\000/\000a\000p\000i\000/\000l\000o\000c\000a\000t\000i\000o\000n\000s\000/\000:\000i\000d}{subsection.3.3}% 58
\BOOKMARK [3][-]{subsubsection.3.3.3}{\376\377\000G\000E\000T\000\040\000/\000a\000p\000i\000/\000l\000o\000c\000a\000t\000i\000o\000n\000s\000/\000:\000i\000d\000/\000s\000p\000a\000c\000e\000s}{subsection.3.3}% 59
\BOOKMARK [3][-]{subsubsection.3.3.4}{\376\377\000P\000O\000S\000T\000\040\000/\000a\000p\000i\000/\000l\000o\000c\000a\000t\000i\000o\000n\000s}{subsection.3.3}% 60
\BOOKMARK [3][-]{subsubsection.3.3.5}{\376\377\000P\000U\000T\000\040\000/\000a\000p\000i\000/\000l\000o\000c\000a\000t\000i\000o\000n\000s\000/\000:\000i\000d}{subsection.3.3}% 61
\BOOKMARK [3][-]{subsubsection.3.3.6}{\376\377\000D\000E\000L\000E\000T\000E\000\040\000/\000a\000p\000i\000/\000l\000o\000c\000a\000t\000i\000o\000n\000s\000/\000:\000i\000d}{subsection.3.3}% 62
\BOOKMARK [2][-]{subsection.3.4}{\376\377\000E\000n\000d\000p\000o\000i\000n\000t\000\040\000S\000p\000a\000c\000e\000s}{section.3}% 63
\BOOKMARK [3][-]{subsubsection.3.4.1}{\376\377\000G\000E\000T\000\040\000/\000a\000p\000i\000/\000s\000p\000a\000c\000e\000s}{subsection.3.4}% 64
\BOOKMARK [3][-]{subsubsection.3.4.2}{\376\377\000G\000E\000T\000\040\000/\000a\000p\000i\000/\000s\000p\000a\000c\000e\000s\000/\000:\000i\000d}{subsection.3.4}% 65
\BOOKMARK [3][-]{subsubsection.3.4.3}{\376\377\000G\000E\000T\000\040\000/\000a\000p\000i\000/\000s\000p\000a\000c\000e\000s\000/\000:\000i\000d\000/\000a\000v\000a\000i\000l\000a\000b\000i\000l\000i\000t\000y}{subsection.3.4}% 66
\BOOKMARK [3][-]{subsubsection.3.4.4}{\376\377\000P\000O\000S\000T\000\040\000/\000a\000p\000i\000/\000s\000p\000a\000c\000e\000s}{subsection.3.4}% 67
\BOOKMARK [3][-]{subsubsection.3.4.5}{\376\377\000P\000U\000T\000\040\000/\000a\000p\000i\000/\000s\000p\000a\000c\000e\000s\000/\000:\000i\000d}{subsection.3.4}% 68
\BOOKMARK [3][-]{subsubsection.3.4.6}{\376\377\000D\000E\000L\000E\000T\000E\000\040\000/\000a\000p\000i\000/\000s\000p\000a\000c\000e\000s\000/\000:\000i\000d}{subsection.3.4}% 69
\BOOKMARK [2][-]{subsection.3.5}{\376\377\000E\000n\000d\000p\000o\000i\000n\000t\000\040\000S\000p\000a\000c\000e\000\040\000T\000y\000p\000e\000s}{section.3}% 70
\BOOKMARK [3][-]{subsubsection.3.5.1}{\376\377\000G\000E\000T\000\040\000/\000a\000p\000i\000/\000s\000p\000a\000c\000e\000-\000t\000y\000p\000e\000s}{subsection.3.5}% 71
\BOOKMARK [3][-]{subsubsection.3.5.2}{\376\377\000G\000E\000T\000\040\000/\000a\000p\000i\000/\000s\000p\000a\000c\000e\000-\000t\000y\000p\000e\000s\000/\000:\000i\000d}{subsection.3.5}% 72
\BOOKMARK [3][-]{subsubsection.3.5.3}{\376\377\000P\000O\000S\000T\000\040\000/\000a\000p\000i\000/\000s\000p\000a\000c\000e\000-\000t\000y\000p\000e\000s}{subsection.3.5}% 73
\BOOKMARK [3][-]{subsubsection.3.5.4}{\376\377\000P\000U\000T\000\040\000/\000a\000p\000i\000/\000s\000p\000a\000c\000e\000-\000t\000y\000p\000e\000s\000/\000:\000i\000d}{subsection.3.5}% 74
\BOOKMARK [3][-]{subsubsection.3.5.5}{\376\377\000D\000E\000L\000E\000T\000E\000\040\000/\000a\000p\000i\000/\000s\000p\000a\000c\000e\000-\000t\000y\000p\000e\000s\000/\000:\000i\000d}{subsection.3.5}% 75
\BOOKMARK [2][-]{subsection.3.6}{\376\377\000E\000n\000d\000p\000o\000i\000n\000t\000\040\000B\000o\000o\000k\000i\000n\000g\000s}{section.3}% 76
\BOOKMARK [3][-]{subsubsection.3.6.1}{\376\377\000P\000O\000S\000T\000\040\000/\000a\000p\000i\000/\000b\000o\000o\000k\000i\000n\000g\000s\000/\000c\000h\000e\000c\000k\000-\000a\000v\000a\000i\000l\000a\000b\000i\000l\000i\000t\000y}{subsection.3.6}% 77
\BOOKMARK [3][-]{subsubsection.3.6.2}{\376\377\000P\000O\000S\000T\000\040\000/\000a\000p\000i\000/\000b\000o\000o\000k\000i\000n\000g\000s}{subsection.3.6}% 78
\BOOKMARK [3][-]{subsubsection.3.6.3}{\376\377\000G\000E\000T\000\040\000/\000a\000p\000i\000/\000b\000o\000o\000k\000i\000n\000g\000s}{subsection.3.6}% 79
\BOOKMARK [3][-]{subsubsection.3.6.4}{\376\377\000G\000E\000T\000\040\000/\000a\000p\000i\000/\000b\000o\000o\000k\000i\000n\000g\000s\000/\000:\000i\000d}{subsection.3.6}% 80
\BOOKMARK [3][-]{subsubsection.3.6.5}{\376\377\000P\000U\000T\000\040\000/\000a\000p\000i\000/\000b\000o\000o\000k\000i\000n\000g\000s\000/\000:\000i\000d}{subsection.3.6}% 81
\BOOKMARK [3][-]{subsubsection.3.6.6}{\376\377\000D\000E\000L\000E\000T\000E\000\040\000/\000a\000p\000i\000/\000b\000o\000o\000k\000i\000n\000g\000s\000/\000:\000i\000d}{subsection.3.6}% 82
\BOOKMARK [3][-]{subsubsection.3.6.7}{\376\377\000P\000U\000T\000\040\000/\000a\000p\000i\000/\000b\000o\000o\000k\000i\000n\000g\000s\000/\000:\000i\000d\000/\000c\000o\000n\000f\000i\000r\000m}{subsection.3.6}% 83
\BOOKMARK [3][-]{subsubsection.3.6.8}{\376\377\000P\000U\000T\000\040\000/\000a\000p\000i\000/\000b\000o\000o\000k\000i\000n\000g\000s\000/\000:\000i\000d\000/\000c\000o\000m\000p\000l\000e\000t\000e}{subsection.3.6}% 84
\BOOKMARK [2][-]{subsection.3.7}{\376\377\000E\000n\000d\000p\000o\000i\000n\000t\000\040\000A\000v\000a\000i\000l\000a\000b\000i\000l\000i\000t\000y}{section.3}% 85
\BOOKMARK [3][-]{subsubsection.3.7.1}{\376\377\000G\000E\000T\000\040\000/\000a\000p\000i\000/\000a\000v\000a\000i\000l\000a\000b\000i\000l\000i\000t\000y\000/\000s\000p\000a\000c\000e\000/\000:\000s\000p\000a\000c\000e\000I\000d}{subsection.3.7}% 86
\BOOKMARK [3][-]{subsubsection.3.7.2}{\376\377\000P\000O\000S\000T\000\040\000/\000a\000p\000i\000/\000a\000v\000a\000i\000l\000a\000b\000i\000l\000i\000t\000y}{subsection.3.7}% 87
\BOOKMARK [3][-]{subsubsection.3.7.3}{\376\377\000P\000U\000T\000\040\000/\000a\000p\000i\000/\000a\000v\000a\000i\000l\000a\000b\000i\000l\000i\000t\000y\000/\000:\000i\000d}{subsection.3.7}% 88
\BOOKMARK [3][-]{subsubsection.3.7.4}{\376\377\000D\000E\000L\000E\000T\000E\000\040\000/\000a\000p\000i\000/\000a\000v\000a\000i\000l\000a\000b\000i\000l\000i\000t\000y\000/\000:\000i\000d}{subsection.3.7}% 89
\BOOKMARK [2][-]{subsection.3.8}{\376\377\000E\000n\000d\000p\000o\000i\000n\000t\000\040\000P\000a\000y\000m\000e\000n\000t\000s}{section.3}% 90
\BOOKMARK [3][-]{subsubsection.3.8.1}{\376\377\000G\000E\000T\000\040\000/\000a\000p\000i\000/\000p\000a\000y\000m\000e\000n\000t\000s}{subsection.3.8}% 91
\BOOKMARK [3][-]{subsubsection.3.8.2}{\376\377\000G\000E\000T\000\040\000/\000a\000p\000i\000/\000p\000a\000y\000m\000e\000n\000t\000s\000/\000:\000i\000d}{subsection.3.8}% 92
\BOOKMARK [3][-]{subsubsection.3.8.3}{\376\377\000P\000O\000S\000T\000\040\000/\000a\000p\000i\000/\000p\000a\000y\000m\000e\000n\000t\000s}{subsection.3.8}% 93
\BOOKMARK [3][-]{subsubsection.3.8.4}{\376\377\000P\000U\000T\000\040\000/\000a\000p\000i\000/\000p\000a\000y\000m\000e\000n\000t\000s\000/\000:\000i\000d\000/\000r\000e\000f\000u\000n\000d}{subsection.3.8}% 94
\BOOKMARK [2][-]{subsection.3.9}{\376\377\000E\000n\000d\000p\000o\000i\000n\000t\000\040\000N\000o\000t\000i\000f\000i\000c\000a\000t\000i\000o\000n\000s}{section.3}% 95
\BOOKMARK [3][-]{subsubsection.3.9.1}{\376\377\000G\000E\000T\000\040\000/\000a\000p\000i\000/\000n\000o\000t\000i\000f\000i\000c\000a\000t\000i\000o\000n\000s}{subsection.3.9}% 96
\BOOKMARK [3][-]{subsubsection.3.9.2}{\376\377\000G\000E\000T\000\040\000/\000a\000p\000i\000/\000n\000o\000t\000i\000f\000i\000c\000a\000t\000i\000o\000n\000s\000/\000:\000i\000d}{subsection.3.9}% 97
\BOOKMARK [3][-]{subsubsection.3.9.3}{\376\377\000P\000U\000T\000\040\000/\000a\000p\000i\000/\000n\000o\000t\000i\000f\000i\000c\000a\000t\000i\000o\000n\000s\000/\000:\000i\000d\000/\000r\000e\000a\000d}{subsection.3.9}% 98
\BOOKMARK [3][-]{subsubsection.3.9.4}{\376\377\000P\000O\000S\000T\000\040\000/\000a\000p\000i\000/\000n\000o\000t\000i\000f\000i\000c\000a\000t\000i\000o\000n\000s\000/\000t\000e\000s\000t}{subsection.3.9}% 99
\BOOKMARK [2][-]{subsection.3.10}{\376\377\000E\000n\000d\000p\000o\000i\000n\000t\000\040\000M\000a\000n\000a\000g\000e\000r}{section.3}% 100
\BOOKMARK [3][-]{subsubsection.3.10.1}{\376\377\000G\000E\000T\000\040\000/\000a\000p\000i\000/\000m\000a\000n\000a\000g\000e\000r\000/\000d\000a\000s\000h\000b\000o\000a\000r\000d}{subsection.3.10}% 101
\BOOKMARK [3][-]{subsubsection.3.10.2}{\376\377\000G\000E\000T\000\040\000/\000a\000p\000i\000/\000m\000a\000n\000a\000g\000e\000r\000/\000l\000o\000c\000a\000t\000i\000o\000n}{subsection.3.10}% 102
\BOOKMARK [3][-]{subsubsection.3.10.3}{\376\377\000G\000E\000T\000\040\000/\000a\000p\000i\000/\000m\000a\000n\000a\000g\000e\000r\000/\000b\000o\000o\000k\000i\000n\000g\000s}{subsection.3.10}% 103
\BOOKMARK [3][-]{subsubsection.3.10.4}{\376\377\000G\000E\000T\000\040\000/\000a\000p\000i\000/\000m\000a\000n\000a\000g\000e\000r\000/\000s\000p\000a\000c\000e\000s}{subsection.3.10}% 104
\BOOKMARK [3][-]{subsubsection.3.10.5}{\376\377\000P\000U\000T\000\040\000/\000a\000p\000i\000/\000m\000a\000n\000a\000g\000e\000r\000/\000s\000p\000a\000c\000e\000s\000/\000:\000i\000d}{subsection.3.10}% 105
\BOOKMARK [2][-]{subsection.3.11}{\376\377\000E\000n\000d\000p\000o\000i\000n\000t\000\040\000A\000d\000m\000i\000n}{section.3}% 106
\BOOKMARK [3][-]{subsubsection.3.11.1}{\376\377\000G\000E\000T\000\040\000/\000a\000p\000i\000/\000a\000d\000m\000i\000n\000/\000d\000a\000s\000h\000b\000o\000a\000r\000d}{subsection.3.11}% 107
\BOOKMARK [3][-]{subsubsection.3.11.2}{\376\377\000G\000E\000T\000\040\000/\000a\000p\000i\000/\000a\000d\000m\000i\000n\000/\000u\000s\000e\000r\000s}{subsection.3.11}% 108
\BOOKMARK [3][-]{subsubsection.3.11.3}{\376\377\000G\000E\000T\000\040\000/\000a\000p\000i\000/\000a\000d\000m\000i\000n\000/\000u\000s\000e\000r\000s\000/\000p\000e\000n\000d\000i\000n\000g\000-\000m\000a\000n\000a\000g\000e\000r\000s}{subsection.3.11}% 109
\BOOKMARK [3][-]{subsubsection.3.11.4}{\376\377\000P\000U\000T\000\040\000/\000a\000p\000i\000/\000a\000d\000m\000i\000n\000/\000u\000s\000e\000r\000s\000/\000:\000i\000d\000/\000p\000r\000o\000m\000o\000t\000e\000-\000m\000a\000n\000a\000g\000e\000r}{subsection.3.11}% 110
\BOOKMARK [3][-]{subsubsection.3.11.5}{\376\377\000P\000U\000T\000\040\000/\000a\000p\000i\000/\000a\000d\000m\000i\000n\000/\000u\000s\000e\000r\000s\000/\000:\000i\000d\000/\000d\000e\000m\000o\000t\000e}{subsection.3.11}% 111
\BOOKMARK [3][-]{subsubsection.3.11.6}{\376\377\000G\000E\000T\000\040\000/\000a\000p\000i\000/\000a\000d\000m\000i\000n\000/\000b\000o\000o\000k\000i\000n\000g\000s}{subsection.3.11}% 112
\BOOKMARK [3][-]{subsubsection.3.11.7}{\376\377\000G\000E\000T\000\040\000/\000a\000p\000i\000/\000a\000d\000m\000i\000n\000/\000s\000t\000a\000t\000s}{subsection.3.11}% 113
\BOOKMARK [3][-]{subsubsection.3.11.8}{\376\377\000P\000O\000S\000T\000\040\000/\000a\000p\000i\000/\000a\000d\000m\000i\000n\000/\000l\000o\000c\000a\000t\000i\000o\000n\000s}{subsection.3.11}% 114
\BOOKMARK [3][-]{subsubsection.3.11.9}{\376\377\000P\000U\000T\000\040\000/\000a\000p\000i\000/\000a\000d\000m\000i\000n\000/\000l\000o\000c\000a\000t\000i\000o\000n\000s\000/\000:\000i\000d\000/\000a\000s\000s\000i\000g\000n\000-\000m\000a\000n\000a\000g\000e\000r}{subsection.3.11}% 115
\BOOKMARK [2][-]{subsection.3.12}{\376\377\000E\000n\000d\000p\000o\000i\000n\000t\000\040\000d\000i\000\040\000S\000i\000s\000t\000e\000m\000a}{section.3}% 116
\BOOKMARK [3][-]{subsubsection.3.12.1}{\376\377\000G\000E\000T\000\040\000/\000a\000p\000i\000/\000h\000e\000a\000l\000t\000h}{subsection.3.12}% 117
\BOOKMARK [3][-]{subsubsection.3.12.2}{\376\377\000G\000E\000T\000\040\000/\000a\000p\000i\000/}{subsection.3.12}% 118
\BOOKMARK [3][-]{subsubsection.3.12.3}{\376\377\000G\000E\000T\000\040\000/\000a\000p\000i\000-\000d\000o\000c\000s}{subsection.3.12}% 119
\BOOKMARK [2][-]{subsection.3.13}{\376\377\000C\000o\000n\000v\000e\000n\000z\000i\000o\000n\000i\000\040\000d\000e\000g\000l\000i\000\040\000E\000n\000d\000p\000o\000i\000n\000t}{section.3}% 120
\BOOKMARK [1][-]{section.4}{\376\377\000S\000c\000h\000e\000m\000i\000\040\000D\000a\000t\000i\000\040\000e\000\040\000V\000a\000l\000i\000d\000a\000z\000i\000o\000n\000i}{}% 121
\BOOKMARK [2][-]{subsection.4.1}{\376\377\000P\000a\000n\000o\000r\000a\000m\000i\000c\000a\000\040\000d\000e\000g\000l\000i\000\040\000S\000c\000h\000e\000m\000i}{section.4}% 122
\BOOKMARK [2][-]{subsection.4.2}{\376\377\000S\000c\000h\000e\000m\000a\000\040\000U\000s\000e\000r}{section.4}% 123
\BOOKMARK [2][-]{subsection.4.3}{\376\377\000S\000c\000h\000e\000m\000a\000\040\000L\000o\000c\000a\000t\000i\000o\000n}{section.4}% 124
\BOOKMARK [2][-]{subsection.4.4}{\376\377\000S\000c\000h\000e\000m\000a\000\040\000S\000p\000a\000c\000e\000\040\000T\000y\000p\000e}{section.4}% 125
\BOOKMARK [2][-]{subsection.4.5}{\376\377\000S\000c\000h\000e\000m\000a\000\040\000S\000p\000a\000c\000e}{section.4}% 126
\BOOKMARK [2][-]{subsection.4.6}{\376\377\000S\000c\000h\000e\000m\000a\000\040\000B\000o\000o\000k\000i\000n\000g}{section.4}% 127
\BOOKMARK [2][-]{subsection.4.7}{\376\377\000S\000c\000h\000e\000m\000a\000\040\000P\000a\000y\000m\000e\000n\000t}{section.4}% 128
\BOOKMARK [2][-]{subsection.4.8}{\376\377\000S\000c\000h\000e\000m\000a\000\040\000N\000o\000t\000i\000f\000i\000c\000a\000t\000i\000o\000n}{section.4}% 129
\BOOKMARK [2][-]{subsection.4.9}{\376\377\000S\000c\000h\000e\000m\000a\000\040\000A\000v\000a\000i\000l\000a\000b\000i\000l\000i\000t\000y}{section.4}% 130
\BOOKMARK [2][-]{subsection.4.10}{\376\377\000V\000a\000l\000i\000d\000a\000z\000i\000o\000n\000i\000\040\000G\000l\000o\000b\000a\000l\000i\000\040\000d\000e\000l\000\040\000S\000i\000s\000t\000e\000m\000a}{section.4}% 131
\BOOKMARK [3][-]{subsubsection.4.10.1}{\376\377\000V\000a\000l\000i\000d\000a\000z\000i\000o\000n\000i\000\040\000D\000a\000t\000e}{subsection.4.10}% 132
\BOOKMARK [3][-]{subsubsection.4.10.2}{\376\377\000V\000a\000l\000i\000d\000a\000z\000i\000o\000n\000i\000\040\000E\000m\000a\000i\000l}{subsection.4.10}% 133
\BOOKMARK [3][-]{subsubsection.4.10.3}{\376\377\000V\000a\000l\000i\000d\000a\000z\000i\000o\000n\000i\000\040\000P\000a\000s\000s\000w\000o\000r\000d}{subsection.4.10}% 134
\BOOKMARK [3][-]{subsubsection.4.10.4}{\376\377\000V\000a\000l\000i\000d\000a\000z\000i\000o\000n\000i\000\040\000N\000u\000m\000e\000r\000i\000c\000h\000e}{subsection.4.10}% 135
\BOOKMARK [2][-]{subsection.4.11}{\376\377\000G\000e\000s\000t\000i\000o\000n\000e\000\040\000E\000r\000r\000o\000r\000i\000\040\000d\000i\000\040\000V\000a\000l\000i\000d\000a\000z\000i\000o\000n\000e}{section.4}% 136
\BOOKMARK [1][-]{section.5}{\376\377\000E\000s\000e\000m\000p\000i\000\040\000d\000i\000\040\000U\000t\000i\000l\000i\000z\000z\000o\000\040\000e\000\040\000C\000a\000s\000i\000\040\000d\000'\000U\000s\000o}{}% 137
\BOOKMARK [2][-]{subsection.5.1}{\376\377\000P\000a\000n\000o\000r\000a\000m\000i\000c\000a\000\040\000d\000e\000i\000\040\000C\000a\000s\000i\000\040\000d\000'\000U\000s\000o}{section.5}% 138
\BOOKMARK [2][-]{subsection.5.2}{\376\377\000C\000a\000s\000o\000\040\000d\000'\000U\000s\000o\000\040\0001\000:\000\040\000R\000e\000g\000i\000s\000t\000r\000a\000z\000i\000o\000n\000e\000\040\000e\000\040\000L\000o\000g\000i\000n\000\040\000U\000t\000e\000n\000t\000e}{section.5}% 139
\BOOKMARK [3][-]{subsubsection.5.2.1}{\376\377\000P\000a\000s\000s\000o\000\040\0001\000:\000\040\000V\000e\000r\000i\000f\000i\000c\000a\000\040\000E\000m\000a\000i\000l\000\040\000D\000i\000s\000p\000o\000n\000i\000b\000i\000l\000i\000t\000\340}{subsection.5.2}% 140
\BOOKMARK [3][-]{subsubsection.5.2.2}{\376\377\000P\000a\000s\000s\000o\000\040\0002\000:\000\040\000R\000e\000g\000i\000s\000t\000r\000a\000z\000i\000o\000n\000e\000\040\000N\000u\000o\000v\000o\000\040\000U\000t\000e\000n\000t\000e}{subsection.5.2}% 141
\BOOKMARK [3][-]{subsubsection.5.2.3}{\376\377\000P\000a\000s\000s\000o\000\040\0003\000:\000\040\000L\000o\000g\000i\000n\000\040\000U\000t\000e\000n\000t\000e}{subsection.5.2}% 142
\BOOKMARK [2][-]{subsection.5.3}{\376\377\000C\000a\000s\000o\000\040\000d\000'\000U\000s\000o\000\040\0002\000:\000\040\000R\000i\000c\000e\000r\000c\000a\000\040\000e\000\040\000P\000r\000e\000n\000o\000t\000a\000z\000i\000o\000n\000e\000\040\000S\000p\000a\000z\000i\000o}{section.5}% 143
\BOOKMARK [3][-]{subsubsection.5.3.1}{\376\377\000P\000a\000s\000s\000o\000\040\0001\000:\000\040\000R\000i\000c\000e\000r\000c\000a\000\040\000S\000p\000a\000z\000i\000\040\000c\000o\000n\000\040\000F\000i\000l\000t\000r\000i}{subsection.5.3}% 144
\BOOKMARK [3][-]{subsubsection.5.3.2}{\376\377\000P\000a\000s\000s\000o\000\040\0002\000:\000\040\000V\000e\000r\000i\000f\000i\000c\000a\000\040\000D\000i\000s\000p\000o\000n\000i\000b\000i\000l\000i\000t\000\340\000\040\000S\000p\000e\000c\000i\000f\000i\000c\000a}{subsection.5.3}% 145
\BOOKMARK [3][-]{subsubsection.5.3.3}{\376\377\000P\000a\000s\000s\000o\000\040\0003\000:\000\040\000C\000r\000e\000a\000z\000i\000o\000n\000e\000\040\000P\000r\000e\000n\000o\000t\000a\000z\000i\000o\000n\000e}{subsection.5.3}% 146
\BOOKMARK [2][-]{subsection.5.4}{\376\377\000C\000a\000s\000o\000\040\000d\000'\000U\000s\000o\000\040\0003\000:\000\040\000G\000e\000s\000t\000i\000o\000n\000e\000\040\000P\000a\000g\000a\000m\000e\000n\000t\000o}{section.5}% 147
\BOOKMARK [3][-]{subsubsection.5.4.1}{\376\377\000P\000a\000s\000s\000o\000\040\0001\000:\000\040\000C\000r\000e\000a\000z\000i\000o\000n\000e\000\040\000P\000a\000g\000a\000m\000e\000n\000t\000o}{subsection.5.4}% 148
\BOOKMARK [2][-]{subsection.5.5}{\376\377\000C\000a\000s\000o\000\040\000d\000'\000U\000s\000o\000\040\0004\000:\000\040\000D\000a\000s\000h\000b\000o\000a\000r\000d\000\040\000U\000t\000e\000n\000t\000e}{section.5}% 149
\BOOKMARK [2][-]{subsection.5.6}{\376\377\000C\000a\000s\000o\000\040\000d\000'\000U\000s\000o\000\040\0005\000:\000\040\000W\000o\000r\000k\000f\000l\000o\000w\000\040\000M\000a\000n\000a\000g\000e\000r}{section.5}% 150
\BOOKMARK [3][-]{subsubsection.5.6.1}{\376\377\000P\000a\000s\000s\000o\000\040\0001\000:\000\040\000D\000a\000s\000h\000b\000o\000a\000r\000d\000\040\000M\000a\000n\000a\000g\000e\000r}{subsection.5.6}% 151
\BOOKMARK [3][-]{subsubsection.5.6.2}{\376\377\000P\000a\000s\000s\000o\000\040\0002\000:\000\040\000V\000i\000s\000u\000a\000l\000i\000z\000z\000a\000\040\000P\000r\000e\000n\000o\000t\000a\000z\000i\000o\000n\000i\000\040\000L\000o\000c\000a\000t\000i\000o\000n}{subsection.5.6}% 152
\BOOKMARK [3][-]{subsubsection.5.6.3}{\376\377\000P\000a\000s\000s\000o\000\040\0003\000:\000\040\000C\000o\000n\000f\000e\000r\000m\000a\000\040\000P\000r\000e\000n\000o\000t\000a\000z\000i\000o\000n\000e}{subsection.5.6}% 153
\BOOKMARK [2][-]{subsection.5.7}{\376\377\000C\000a\000s\000o\000\040\000d\000'\000U\000s\000o\000\040\0006\000:\000\040\000G\000e\000s\000t\000i\000o\000n\000e\000\040\000N\000o\000t\000i\000f\000i\000c\000h\000e}{section.5}% 154
\BOOKMARK [3][-]{subsubsection.5.7.1}{\376\377\000S\000a\000l\000v\000a\000t\000a\000g\000g\000i\000o\000\040\000T\000o\000k\000e\000n\000\040\000F\000C\000M}{subsection.5.7}% 155
\BOOKMARK [3][-]{subsubsection.5.7.2}{\376\377\000R\000e\000c\000u\000p\000e\000r\000o\000\040\000N\000o\000t\000i\000f\000i\000c\000h\000e}{subsection.5.7}% 156
\BOOKMARK [2][-]{subsection.5.8}{\376\377\000C\000a\000s\000o\000\040\000d\000'\000U\000s\000o\000\040\0007\000:\000\040\000W\000o\000r\000k\000f\000l\000o\000w\000\040\000A\000d\000m\000i\000n}{section.5}% 157
\BOOKMARK [3][-]{subsubsection.5.8.1}{\376\377\000D\000a\000s\000h\000b\000o\000a\000r\000d\000\040\000A\000m\000m\000i\000n\000i\000s\000t\000r\000a\000t\000i\000v\000a}{subsection.5.8}% 158
\BOOKMARK [3][-]{subsubsection.5.8.2}{\376\377\000P\000r\000o\000m\000o\000z\000i\000o\000n\000e\000\040\000M\000a\000n\000a\000g\000e\000r}{subsection.5.8}% 159
\BOOKMARK [2][-]{subsection.5.9}{\376\377\000G\000e\000s\000t\000i\000o\000n\000e\000\040\000E\000r\000r\000o\000r\000i\000\040\000C\000o\000m\000u\000n\000i}{section.5}% 160
\BOOKMARK [3][-]{subsubsection.5.9.1}{\376\377\000E\000r\000r\000o\000r\000e\000\040\000A\000u\000t\000e\000n\000t\000i\000c\000a\000z\000i\000o\000n\000e}{subsection.5.9}% 161
\BOOKMARK [3][-]{subsubsection.5.9.2}{\376\377\000E\000r\000r\000o\000r\000e\000\040\000D\000i\000s\000p\000o\000n\000i\000b\000i\000l\000i\000t\000\340}{subsection.5.9}% 162
\BOOKMARK [2][-]{subsection.5.10}{\376\377\000B\000e\000s\000t\000\040\000P\000r\000a\000c\000t\000i\000c\000e\000s\000\040\000p\000e\000r\000\040\000I\000n\000t\000e\000g\000r\000a\000z\000i\000o\000n\000e}{section.5}% 163
\BOOKMARK [3][-]{subsubsection.5.10.1}{\376\377\000A\000u\000t\000e\000n\000t\000i\000c\000a\000z\000i\000o\000n\000e}{subsection.5.10}% 164
\BOOKMARK [3][-]{subsubsection.5.10.2}{\376\377\000C\000h\000i\000a\000m\000a\000t\000e\000\040\000A\000P\000I}{subsection.5.10}% 165
\BOOKMARK [3][-]{subsubsection.5.10.3}{\376\377\000G\000e\000s\000t\000i\000o\000n\000e\000\040\000E\000r\000r\000o\000r\000i}{subsection.5.10}% 166
\BOOKMARK [2][-]{subsection.5.11}{\376\377\000E\000s\000e\000m\000p\000i\000\040\000S\000D\000K\000/\000C\000l\000i\000e\000n\000t}{section.5}% 167
\BOOKMARK [3][-]{subsubsection.5.11.1}{\376\377\000J\000a\000v\000a\000S\000c\000r\000i\000p\000t\000/\000T\000y\000p\000e\000S\000c\000r\000i\000p\000t\000\040\000C\000l\000i\000e\000n\000t}{subsection.5.11}% 168
\BOOKMARK [2][-]{subsection.5.12}{\376\377\000T\000e\000s\000t\000i\000n\000g\000\040\000A\000P\000I}{section.5}% 169
\BOOKMARK [3][-]{subsubsection.5.12.1}{\376\377\000T\000e\000s\000t\000\040\000c\000o\000n\000\040\000c\000u\000r\000l}{subsection.5.12}% 170
\BOOKMARK [3][-]{subsubsection.5.12.2}{\376\377\000T\000e\000s\000t\000\040\000c\000o\000n\000\040\000P\000o\000s\000t\000m\000a\000n}{subsection.5.12}% 171
